  [1m[35m (1039.2ms)[0m  [1m[35mCREATE DATABASE "open_flights_development" ENCODING = 'unicode'[0m
  [1m[35m (772.2ms)[0m  [1m[35mCREATE DATABASE "open_flights_test" ENCODING = 'unicode'[0m
  [1m[35m (153.6ms)[0m  [1m[35mCREATE TABLE "schema_migrations" ("version" character varying NOT NULL PRIMARY KEY)[0m
  [1m[35m (138.7ms)[0m  [1m[35mCREATE TABLE "ar_internal_metadata" ("key" character varying NOT NULL PRIMARY KEY, "value" character varying, "created_at" timestamp(6) NOT NULL, "updated_at" timestamp(6) NOT NULL)[0m
  [1m[35m (0.5ms)[0m  [1m[34mSELECT pg_try_advisory_lock(6955072516161093450)[0m
  [1m[35m (1.9ms)[0m  [1m[34mSELECT "schema_migrations"."version" FROM "schema_migrations" ORDER BY "schema_migrations"."version" ASC[0m
Migrating to CreateAirlines (20201005185752)
  [1m[35m (0.2ms)[0m  [1m[35mBEGIN[0m
  [1m[35m (157.5ms)[0m  [1m[35mCREATE TABLE "airlines" ("id" bigserial primary key, "name" character varying, "image_url" character varying, "slug" character varying, "created_at" timestamp(6) NOT NULL, "updated_at" timestamp(6) NOT NULL)[0m
  [1m[36mprimary::SchemaMigration Create (0.8ms)[0m  [1m[32mINSERT INTO "schema_migrations" ("version") VALUES ($1) RETURNING "version"[0m  [["version", "20201005185752"]]
  [1m[35m (6.8ms)[0m  [1m[35mCOMMIT[0m
Migrating to CreateReviews (20201005185910)
  [1m[35m (0.3ms)[0m  [1m[35mBEGIN[0m
  [1m[35m (126.9ms)[0m  [1m[35mCREATE TABLE "reviews" ("id" bigserial primary key, "title" character varying, "description" character varying, "score" integer, "airline_id" bigint NOT NULL, "created_at" timestamp(6) NOT NULL, "updated_at" timestamp(6) NOT NULL, CONSTRAINT "fk_rails_3a3d57cfdb"
FOREIGN KEY ("airline_id")
  REFERENCES "airlines" ("id")
)[0m
  [1m[35m (48.7ms)[0m  [1m[35mCREATE  INDEX  "index_reviews_on_airline_id" ON "reviews"  ("airline_id")[0m
  [1m[36mprimary::SchemaMigration Create (1.2ms)[0m  [1m[32mINSERT INTO "schema_migrations" ("version") VALUES ($1) RETURNING "version"[0m  [["version", "20201005185910"]]
  [1m[35m (21.9ms)[0m  [1m[35mCOMMIT[0m
  [1m[36mActiveRecord::InternalMetadata Load (1.6ms)[0m  [1m[34mSELECT "ar_internal_metadata".* FROM "ar_internal_metadata" WHERE "ar_internal_metadata"."key" = $1 LIMIT $2[0m  [["key", "environment"], ["LIMIT", 1]]
  [1m[35m (0.4ms)[0m  [1m[35mBEGIN[0m
  [1m[36mActiveRecord::InternalMetadata Create (10.7ms)[0m  [1m[32mINSERT INTO "ar_internal_metadata" ("key", "value", "created_at", "updated_at") VALUES ($1, $2, $3, $4) RETURNING "key"[0m  [["key", "environment"], ["value", "development"], ["created_at", "2020-10-05 19:02:49.078289"], ["updated_at", "2020-10-05 19:02:49.078289"]]
  [1m[35m (17.3ms)[0m  [1m[35mCOMMIT[0m
  [1m[35m (0.8ms)[0m  [1m[34mSELECT pg_advisory_unlock(6955072516161093450)[0m
  [1m[35m (0.7ms)[0m  [1m[34mSELECT "schema_migrations"."version" FROM "schema_migrations" ORDER BY "schema_migrations"."version" ASC[0m
